<?xml version="1.0" encoding="UTF-8"?>
<testsuite name="com.example.ApplicationTest" tests="1" skipped="0" failures="1" errors="0" timestamp="2024-07-15T19:15:41" hostname="DESKTOP-KNRBREK" time="0.988">
  <properties/>
  <testcase name="testCustomer" classname="com.example.ApplicationTest" time="0.988">
    <failure message="com.typesafe.config.ConfigException$UnresolvedSubstitution: application.conf @ file:/C:/Users/vickr/IdeaProjects/ktor-server/build/resources/main/application.conf: 20: Could not resolve substitution to a value: ${IMGHIPPO_API_KEY}" type="com.typesafe.config.ConfigException$UnresolvedSubstitution">com.typesafe.config.ConfigException$UnresolvedSubstitution: application.conf @ file:/C:/Users/vickr/IdeaProjects/ktor-server/build/resources/main/application.conf: 20: Could not resolve substitution to a value: ${IMGHIPPO_API_KEY}
	at app//com.typesafe.config.impl.ConfigReference.resolveSubstitutions(ConfigReference.java:111)
	at app//com.typesafe.config.impl.ResolveContext.realResolve(ResolveContext.java:183)
	at app//com.typesafe.config.impl.ResolveContext.resolve(ResolveContext.java:146)
	at app//com.typesafe.config.impl.SimpleConfigObject$ResolveModifier.modifyChildMayThrow(SimpleConfigObject.java:380)
	at app//com.typesafe.config.impl.SimpleConfigObject.modifyMayThrow(SimpleConfigObject.java:313)
	at app//com.typesafe.config.impl.SimpleConfigObject.resolveSubstitutions(SimpleConfigObject.java:399)
	at app//com.typesafe.config.impl.ResolveContext.realResolve(ResolveContext.java:183)
	at app//com.typesafe.config.impl.ResolveContext.resolve(ResolveContext.java:146)
	at app//com.typesafe.config.impl.SimpleConfigObject$ResolveModifier.modifyChildMayThrow(SimpleConfigObject.java:380)
	at app//com.typesafe.config.impl.SimpleConfigObject.modifyMayThrow(SimpleConfigObject.java:313)
	at app//com.typesafe.config.impl.SimpleConfigObject.resolveSubstitutions(SimpleConfigObject.java:399)
	at app//com.typesafe.config.impl.ResolveContext.realResolve(ResolveContext.java:183)
	at app//com.typesafe.config.impl.ResolveContext.resolve(ResolveContext.java:146)
	at app//com.typesafe.config.impl.ResolveContext.resolve(ResolveContext.java:235)
	at app//com.typesafe.config.impl.SimpleConfig.resolveWith(SimpleConfig.java:79)
	at app//com.typesafe.config.impl.SimpleConfig.resolve(SimpleConfig.java:69)
	at app//com.typesafe.config.impl.SimpleConfig.resolve(SimpleConfig.java:42)
	at app//com.typesafe.config.ConfigFactory.load(ConfigFactory.java:219)
	at app//com.typesafe.config.ConfigFactory.load(ConfigFactory.java:119)
	at app//com.typesafe.config.ConfigFactory.load(ConfigFactory.java:79)
	at app//io.ktor.server.config.HoconConfigLoader.load(HoconApplicationConfig.kt:30)
	at app//io.ktor.server.config.ConfigLoader$Companion.load(ConfigLoaders.kt:33)
	at app//io.ktor.server.config.HoconApplicationConfigKt.ApplicationConfig(HoconApplicationConfig.kt:94)
	at app//io.ktor.server.testing.TestEngineJvmKt.DefaultTestConfig(TestEngineJvm.kt:9)
	at app//io.ktor.server.testing.TestEngineJvmKt.DefaultTestConfig$default(TestEngineJvm.kt:9)
	at app//io.ktor.server.testing.TestApplicationBuilder$environment$2$1.invoke(TestApplication.kt:149)
	at app//io.ktor.server.testing.TestApplicationBuilder$environment$2$1.invoke(TestApplication.kt:143)
	at app//io.ktor.server.testing.TestEngineKt$createTestEnvironment$2.invoke(TestEngine.kt:27)
	at app//io.ktor.server.testing.TestEngineKt$createTestEnvironment$2.invoke(TestEngine.kt:23)
	at app//io.ktor.server.engine.ApplicationEngineEnvironmentBuilder.build(ApplicationEngineEnvironmentJvm.kt:74)
	at app//io.ktor.server.engine.ApplicationEngineEnvironmentKt.applicationEngineEnvironment(ApplicationEngineEnvironment.kt:48)
	at app//io.ktor.server.testing.TestEngineKt.createTestEnvironment(TestEngine.kt:23)
	at app//io.ktor.server.testing.TestApplicationBuilder$environment$2.invoke(TestApplication.kt:143)
	at app//io.ktor.server.testing.TestApplicationBuilder$environment$2.invoke(TestApplication.kt:141)
	at app//kotlin.SynchronizedLazyImpl.getValue(LazyJVM.kt:74)
	at app//io.ktor.server.testing.TestApplicationBuilder.getEnvironment$ktor_server_test_host(TestApplication.kt:141)
	at app//io.ktor.server.testing.TestApplicationBuilder$engine$2.invoke(TestApplication.kt:156)
	at app//io.ktor.server.testing.TestApplicationBuilder$engine$2.invoke(TestApplication.kt:155)
	at app//kotlin.SynchronizedLazyImpl.getValue(LazyJVM.kt:74)
	at app//io.ktor.server.testing.TestApplicationBuilder.getEngine$ktor_server_test_host(TestApplication.kt:155)
	at app//io.ktor.server.testing.TestApplication.start(TestApplication.kt:64)
	at app//io.ktor.server.testing.TestApplicationKt.testApplication(TestApplication.kt:340)
	at app//io.ktor.server.testing.TestApplicationKt.testApplication(TestApplication.kt:287)
	at app//com.example.ApplicationTest.testCustomer(ApplicationTest.kt:8)
	at java.base@21.0.1/jdk.internal.reflect.DirectMethodHandleAccessor.invoke(DirectMethodHandleAccessor.java:103)
	at java.base@21.0.1/java.lang.reflect.Method.invoke(Method.java:580)
	at app//org.junit.runners.model.FrameworkMethod$1.runReflectiveCall(FrameworkMethod.java:59)
	at app//org.junit.internal.runners.model.ReflectiveCallable.run(ReflectiveCallable.java:12)
	at app//org.junit.runners.model.FrameworkMethod.invokeExplosively(FrameworkMethod.java:56)
	at app//org.junit.internal.runners.statements.InvokeMethod.evaluate(InvokeMethod.java:17)
	at app//org.junit.runners.ParentRunner$3.evaluate(ParentRunner.java:306)
	at app//org.junit.runners.BlockJUnit4ClassRunner$1.evaluate(BlockJUnit4ClassRunner.java:100)
	at app//org.junit.runners.ParentRunner.runLeaf(ParentRunner.java:366)
	at app//org.junit.runners.BlockJUnit4ClassRunner.runChild(BlockJUnit4ClassRunner.java:103)
	at app//org.junit.runners.BlockJUnit4ClassRunner.runChild(BlockJUnit4ClassRunner.java:63)
	at app//org.junit.runners.ParentRunner$4.run(ParentRunner.java:331)
	at app//org.junit.runners.ParentRunner$1.schedule(ParentRunner.java:79)
	at app//org.junit.runners.ParentRunner.runChildren(ParentRunner.java:329)
	at app//org.junit.runners.ParentRunner.access$100(ParentRunner.java:66)
	at app//org.junit.runners.ParentRunner$2.evaluate(ParentRunner.java:293)
	at app//org.junit.runners.ParentRunner$3.evaluate(ParentRunner.java:306)
	at app//org.junit.runners.ParentRunner.run(ParentRunner.java:413)
	at org.gradle.api.internal.tasks.testing.junit.JUnitTestClassExecutor.runTestClass(JUnitTestClassExecutor.java:112)
	at org.gradle.api.internal.tasks.testing.junit.JUnitTestClassExecutor.execute(JUnitTestClassExecutor.java:58)
	at org.gradle.api.internal.tasks.testing.junit.JUnitTestClassExecutor.execute(JUnitTestClassExecutor.java:40)
	at org.gradle.api.internal.tasks.testing.junit.AbstractJUnitTestClassProcessor.processTestClass(AbstractJUnitTestClassProcessor.java:60)
	at org.gradle.api.internal.tasks.testing.SuiteTestClassProcessor.processTestClass(SuiteTestClassProcessor.java:52)
	at java.base@21.0.1/jdk.internal.reflect.DirectMethodHandleAccessor.invoke(DirectMethodHandleAccessor.java:103)
	at java.base@21.0.1/java.lang.reflect.Method.invoke(Method.java:580)
	at org.gradle.internal.dispatch.ReflectionDispatch.dispatch(ReflectionDispatch.java:36)
	at org.gradle.internal.dispatch.ReflectionDispatch.dispatch(ReflectionDispatch.java:24)
	at org.gradle.internal.dispatch.ContextClassLoaderDispatch.dispatch(ContextClassLoaderDispatch.java:33)
	at org.gradle.internal.dispatch.ProxyDispatchAdapter$DispatchingInvocationHandler.invoke(ProxyDispatchAdapter.java:94)
	at jdk.proxy1/jdk.proxy1.$Proxy2.processTestClass(Unknown Source)
	at org.gradle.api.internal.tasks.testing.worker.TestWorker$2.run(TestWorker.java:176)
	at org.gradle.api.internal.tasks.testing.worker.TestWorker.executeAndMaintainThreadName(TestWorker.java:129)
	at org.gradle.api.internal.tasks.testing.worker.TestWorker.execute(TestWorker.java:100)
	at org.gradle.api.internal.tasks.testing.worker.TestWorker.execute(TestWorker.java:60)
	at org.gradle.process.internal.worker.child.ActionExecutionWorker.execute(ActionExecutionWorker.java:56)
	at org.gradle.process.internal.worker.child.SystemApplicationClassLoaderWorker.call(SystemApplicationClassLoaderWorker.java:113)
	at org.gradle.process.internal.worker.child.SystemApplicationClassLoaderWorker.call(SystemApplicationClassLoaderWorker.java:65)
	at app//worker.org.gradle.process.internal.worker.GradleWorkerMain.run(GradleWorkerMain.java:69)
	at app//worker.org.gradle.process.internal.worker.GradleWorkerMain.main(GradleWorkerMain.java:74)
</failure>
  </testcase>
  <system-out><![CDATA[]]></system-out>
  <system-err><![CDATA[]]></system-err>
</testsuite>
